2024-09-21 07:39:19,608 - INFO - Created translucent window for QR scanning
2024-09-21 07:39:19,609 - INFO - Starting Flask server at http://localhost:5000
2024-09-21 07:39:19,646 - INFO - [31m[1mWARNING: This is a development server. Do not use it in a production deployment. Use a production WSGI server instead.[0m
 * Running on http://localhost:5000
2024-09-21 07:39:19,646 - INFO - [33mPress CTRL+C to quit[0m
2024-09-21 07:39:19,719 - DEBUG - Capturing window area excluding title bar: (x=100, y=130, w=800, h=600)
2024-09-21 07:39:19,934 - DEBUG - No QR code detected in frame
2024-09-21 07:39:19,934 - DEBUG - No QR code detected
2024-09-21 07:39:20,436 - DEBUG - Capturing window area excluding title bar: (x=100, y=130, w=800, h=600)
2024-09-21 07:39:20,775 - DEBUG - No QR code detected in frame
2024-09-21 07:39:20,775 - DEBUG - No QR code detected
2024-09-21 07:39:21,277 - DEBUG - Capturing window area excluding title bar: (x=100, y=130, w=800, h=600)
2024-09-21 07:39:21,753 - DEBUG - No QR code detected in frame
2024-09-21 07:39:21,754 - DEBUG - No QR code detected
2024-09-21 07:39:22,256 - DEBUG - Capturing window area excluding title bar: (x=209, y=80, w=800, h=600)
2024-09-21 07:39:22,619 - DEBUG - No QR code detected in frame
2024-09-21 07:39:22,619 - DEBUG - No QR code detected
2024-09-21 07:39:23,121 - DEBUG - Capturing window area excluding title bar: (x=209, y=80, w=800, h=600)
2024-09-21 07:39:23,475 - DEBUG - No QR code detected in frame
2024-09-21 07:39:23,475 - DEBUG - No QR code detected
2024-09-21 07:39:23,979 - DEBUG - Capturing window area excluding title bar: (x=535, y=80, w=474, h=600)
2024-09-21 07:39:24,099 - DEBUG - No QR code detected in frame
2024-09-21 07:39:24,099 - DEBUG - No QR code detected
2024-09-21 07:39:24,601 - DEBUG - Capturing window area excluding title bar: (x=725, y=80, w=284, h=600)
2024-09-21 07:39:24,753 - DEBUG - No QR code detected in frame
2024-09-21 07:39:24,753 - DEBUG - No QR code detected
2024-09-21 07:39:25,254 - DEBUG - Capturing window area excluding title bar: (x=725, y=80, w=284, h=600)
2024-09-21 07:39:25,406 - DEBUG - No QR code detected in frame
2024-09-21 07:39:25,407 - DEBUG - No QR code detected
2024-09-21 07:39:25,907 - DEBUG - Capturing window area excluding title bar: (x=725, y=80, w=284, h=600)
2024-09-21 07:39:26,066 - DEBUG - No QR code detected in frame
2024-09-21 07:39:26,067 - DEBUG - No QR code detected
2024-09-21 07:39:26,568 - DEBUG - Capturing window area excluding title bar: (x=725, y=440, w=284, h=240)
2024-09-21 07:39:26,626 - DEBUG - No QR code detected in frame
2024-09-21 07:39:26,626 - DEBUG - No QR code detected
2024-09-21 07:39:27,128 - DEBUG - Capturing window area excluding title bar: (x=725, y=501, w=284, h=179)
2024-09-21 07:39:27,222 - DEBUG - No QR code detected in frame
2024-09-21 07:39:27,223 - DEBUG - No QR code detected
2024-09-21 07:39:27,724 - DEBUG - Capturing window area excluding title bar: (x=354, y=247, w=284, h=179)
2024-09-21 07:39:27,799 - DEBUG - No QR code detected in frame
2024-09-21 07:39:27,799 - DEBUG - No QR code detected
2024-09-21 07:39:28,301 - DEBUG - Capturing window area excluding title bar: (x=354, y=247, w=284, h=179)
2024-09-21 07:39:28,391 - DEBUG - No QR code detected in frame
2024-09-21 07:39:28,391 - DEBUG - No QR code detected
2024-09-21 07:39:28,892 - DEBUG - Capturing window area excluding title bar: (x=107, y=255, w=284, h=179)
2024-09-21 07:39:28,974 - DEBUG - No QR code detected in frame
2024-09-21 07:39:28,974 - DEBUG - No QR code detected
2024-09-21 07:39:29,476 - DEBUG - Capturing window area excluding title bar: (x=107, y=255, w=284, h=179)
2024-09-21 07:39:29,569 - DEBUG - No QR code detected in frame
2024-09-21 07:39:29,569 - DEBUG - No QR code detected
2024-09-21 07:39:30,071 - DEBUG - Capturing window area excluding title bar: (x=107, y=255, w=284, h=179)
2024-09-21 07:39:30,223 - DEBUG - No QR code detected in frame
2024-09-21 07:39:30,224 - DEBUG - No QR code detected
2024-09-21 07:39:30,728 - DEBUG - Capturing window area excluding title bar: (x=107, y=255, w=284, h=179)
2024-09-21 07:39:30,882 - DEBUG - No QR code detected in frame
2024-09-21 07:39:30,882 - DEBUG - No QR code detected
2024-09-21 07:39:31,384 - DEBUG - Capturing window area excluding title bar: (x=107, y=255, w=284, h=179)
2024-09-21 07:39:31,496 - DEBUG - No QR code detected in frame
2024-09-21 07:39:31,496 - DEBUG - No QR code detected
2024-09-21 07:39:31,998 - DEBUG - Capturing window area excluding title bar: (x=107, y=255, w=284, h=179)
2024-09-21 07:39:32,073 - DEBUG - No QR code detected in frame
2024-09-21 07:39:32,073 - DEBUG - No QR code detected
2024-09-21 07:39:32,576 - DEBUG - Capturing window area excluding title bar: (x=107, y=255, w=284, h=179)
2024-09-21 07:39:32,706 - DEBUG - No QR code detected in frame
2024-09-21 07:39:32,706 - DEBUG - No QR code detected
2024-09-21 07:39:33,208 - DEBUG - Capturing window area excluding title bar: (x=107, y=255, w=284, h=179)
2024-09-21 07:39:33,282 - DEBUG - No QR code detected in frame
2024-09-21 07:39:33,282 - DEBUG - No QR code detected
2024-09-21 07:39:33,784 - DEBUG - Capturing window area excluding title bar: (x=107, y=255, w=284, h=179)
2024-09-21 07:39:33,899 - DEBUG - No QR code detected in frame
2024-09-21 07:39:33,899 - DEBUG - No QR code detected
2024-09-21 07:39:34,402 - DEBUG - Capturing window area excluding title bar: (x=107, y=255, w=264, h=179)
2024-09-21 07:39:34,491 - DEBUG - No QR code detected in frame
2024-09-21 07:39:34,491 - DEBUG - No QR code detected
2024-09-21 07:39:34,993 - DEBUG - Capturing window area excluding title bar: (x=107, y=255, w=247, h=179)
2024-09-21 07:39:35,091 - DEBUG - No QR code detected in frame
2024-09-21 07:39:35,092 - DEBUG - No QR code detected
2024-09-21 07:39:35,593 - DEBUG - Capturing window area excluding title bar: (x=107, y=255, w=247, h=179)
2024-09-21 07:39:35,674 - DEBUG - No QR code detected in frame
2024-09-21 07:39:35,674 - DEBUG - No QR code detected
2024-09-21 07:39:36,176 - DEBUG - Capturing window area excluding title bar: (x=107, y=255, w=247, h=210)
2024-09-21 07:39:36,257 - DEBUG - No QR code detected in frame
2024-09-21 07:39:36,257 - DEBUG - No QR code detected
2024-09-21 07:39:36,769 - DEBUG - Capturing window area excluding title bar: (x=107, y=255, w=247, h=210)
2024-09-21 07:39:36,918 - DEBUG - No QR code detected in frame
2024-09-21 07:39:36,918 - DEBUG - No QR code detected
2024-09-21 07:39:37,422 - DEBUG - Capturing window area excluding title bar: (x=623, y=299, w=247, h=210)
2024-09-21 07:39:37,561 - INFO - QR code detected
2024-09-21 07:39:37,562 - INFO - QR code detected, making window transparent
2024-09-21 07:39:37,663 - DEBUG - Capturing window area excluding title bar: (x=642, y=298, w=247, h=210)
2024-09-21 07:39:37,740 - INFO - QR code saved to qr_code.png
2024-09-21 07:39:38,243 - DEBUG - Capturing window area excluding title bar: (x=649, y=298, w=247, h=210)
2024-09-21 07:39:38,362 - INFO - QR code detected
2024-09-21 07:39:38,363 - INFO - QR code detected, making window transparent
2024-09-21 07:39:38,464 - DEBUG - Capturing window area excluding title bar: (x=649, y=298, w=247, h=210)
2024-09-21 07:39:38,533 - INFO - QR code saved to qr_code.png
2024-09-21 07:39:39,035 - DEBUG - Capturing window area excluding title bar: (x=649, y=298, w=247, h=210)
2024-09-21 07:39:39,150 - INFO - QR code detected
2024-09-21 07:39:39,150 - INFO - QR code detected, making window transparent
2024-09-21 07:39:39,251 - DEBUG - Capturing window area excluding title bar: (x=649, y=298, w=247, h=210)
2024-09-21 07:39:39,311 - INFO - QR code saved to qr_code.png
2024-09-21 07:39:39,813 - DEBUG - Capturing window area excluding title bar: (x=649, y=298, w=247, h=210)
2024-09-21 07:39:39,927 - INFO - QR code detected
2024-09-21 07:39:39,928 - INFO - QR code detected, making window transparent
2024-09-21 07:39:40,029 - DEBUG - Capturing window area excluding title bar: (x=649, y=298, w=247, h=210)
2024-09-21 07:39:40,208 - INFO - QR code saved to qr_code.png
2024-09-21 07:39:40,709 - DEBUG - Capturing window area excluding title bar: (x=649, y=298, w=247, h=210)
2024-09-21 07:39:40,809 - INFO - QR code detected
2024-09-21 07:39:40,809 - INFO - QR code detected, making window transparent
2024-09-21 07:39:40,912 - DEBUG - Capturing window area excluding title bar: (x=649, y=298, w=247, h=210)
2024-09-21 07:39:40,965 - INFO - QR code saved to qr_code.png
2024-09-21 07:39:41,468 - DEBUG - Capturing window area excluding title bar: (x=649, y=298, w=247, h=210)
2024-09-21 07:39:41,581 - INFO - QR code detected
2024-09-21 07:39:41,581 - INFO - QR code detected, making window transparent
2024-09-21 07:39:41,749 - DEBUG - Capturing window area excluding title bar: (x=649, y=298, w=247, h=210)
2024-09-21 07:39:41,827 - INFO - QR code saved to qr_code.png
2024-09-21 07:39:42,333 - DEBUG - Capturing window area excluding title bar: (x=649, y=298, w=247, h=210)
2024-09-21 07:39:42,432 - INFO - QR code detected
2024-09-21 07:39:42,433 - INFO - QR code detected, making window transparent
2024-09-21 07:39:42,533 - DEBUG - Capturing window area excluding title bar: (x=649, y=298, w=247, h=210)
2024-09-21 07:39:42,582 - INFO - QR code saved to qr_code.png
2024-09-21 07:39:43,085 - DEBUG - Capturing window area excluding title bar: (x=649, y=298, w=247, h=210)
2024-09-21 07:39:43,157 - INFO - QR code detected
2024-09-21 07:39:43,157 - INFO - QR code detected, making window transparent
2024-09-21 07:39:43,259 - DEBUG - Capturing window area excluding title bar: (x=649, y=298, w=247, h=210)
2024-09-21 07:39:43,310 - INFO - QR code saved to qr_code.png
2024-09-21 07:39:43,812 - DEBUG - Capturing window area excluding title bar: (x=649, y=298, w=247, h=210)
2024-09-21 07:39:43,923 - INFO - QR code detected
2024-09-21 07:39:43,923 - INFO - QR code detected, making window transparent
2024-09-21 07:39:44,025 - DEBUG - Capturing window area excluding title bar: (x=649, y=298, w=247, h=210)
2024-09-21 07:39:44,082 - INFO - QR code saved to qr_code.png
2024-09-21 07:39:44,584 - DEBUG - Capturing window area excluding title bar: (x=649, y=298, w=247, h=210)
2024-09-21 07:39:44,694 - INFO - QR code detected
2024-09-21 07:39:44,694 - INFO - QR code detected, making window transparent
2024-09-21 07:39:44,796 - DEBUG - Capturing window area excluding title bar: (x=649, y=298, w=247, h=210)
2024-09-21 07:39:44,828 - INFO - QR code saved to qr_code.png
2024-09-21 07:39:45,329 - DEBUG - Capturing window area excluding title bar: (x=649, y=298, w=247, h=210)
2024-09-21 07:39:45,431 - INFO - QR code detected
2024-09-21 07:39:45,432 - INFO - QR code detected, making window transparent
2024-09-21 07:39:45,534 - DEBUG - Capturing window area excluding title bar: (x=649, y=298, w=247, h=210)
2024-09-21 07:39:45,599 - INFO - QR code saved to qr_code.png
2024-09-21 07:39:46,100 - DEBUG - Capturing window area excluding title bar: (x=649, y=298, w=247, h=210)
2024-09-21 07:39:46,208 - INFO - QR code detected
2024-09-21 07:39:46,209 - INFO - QR code detected, making window transparent
2024-09-21 07:39:46,311 - DEBUG - Capturing window area excluding title bar: (x=649, y=298, w=247, h=210)
2024-09-21 07:39:46,404 - INFO - QR code saved to qr_code.png
2024-09-21 07:39:46,906 - DEBUG - Capturing window area excluding title bar: (x=649, y=298, w=247, h=210)
2024-09-21 07:39:47,001 - INFO - QR code detected
2024-09-21 07:39:47,001 - INFO - QR code detected, making window transparent
2024-09-21 07:39:47,103 - DEBUG - Capturing window area excluding title bar: (x=649, y=298, w=247, h=210)
2024-09-21 07:39:47,169 - INFO - QR code saved to qr_code.png
2024-09-21 07:39:47,671 - DEBUG - Capturing window area excluding title bar: (x=649, y=298, w=247, h=210)
2024-09-21 07:39:47,773 - INFO - QR code detected
2024-09-21 07:39:47,775 - INFO - QR code detected, making window transparent
2024-09-21 07:39:47,878 - DEBUG - Capturing window area excluding title bar: (x=649, y=298, w=247, h=210)
2024-09-21 07:39:47,950 - INFO - QR code saved to qr_code.png
2024-09-21 07:39:48,453 - DEBUG - Capturing window area excluding title bar: (x=649, y=298, w=247, h=210)
2024-09-21 07:39:48,515 - DEBUG - No QR code detected in frame
2024-09-21 07:39:48,515 - DEBUG - No QR code detected
2024-09-21 07:39:49,016 - DEBUG - Capturing window area excluding title bar: (x=649, y=298, w=247, h=210)
2024-09-21 07:39:49,138 - DEBUG - No QR code detected in frame
2024-09-21 07:39:49,138 - DEBUG - No QR code detected
2024-09-21 07:39:49,645 - DEBUG - Capturing window area excluding title bar: (x=649, y=298, w=247, h=210)
2024-09-21 07:39:49,827 - DEBUG - No QR code detected in frame
2024-09-21 07:39:49,827 - DEBUG - No QR code detected
2024-09-21 07:39:50,328 - DEBUG - Capturing window area excluding title bar: (x=649, y=298, w=247, h=210)
2024-09-21 07:39:50,425 - DEBUG - No QR code detected in frame
2024-09-21 07:39:50,425 - DEBUG - No QR code detected
2024-09-21 07:39:50,927 - DEBUG - Capturing window area excluding title bar: (x=649, y=298, w=247, h=210)
2024-09-21 07:39:51,054 - DEBUG - No QR code detected in frame
2024-09-21 07:39:51,054 - DEBUG - No QR code detected
2024-09-21 07:39:51,556 - DEBUG - Capturing window area excluding title bar: (x=649, y=298, w=247, h=210)
2024-09-21 07:39:51,684 - DEBUG - No QR code detected in frame
2024-09-21 07:39:51,684 - DEBUG - No QR code detected
2024-09-21 07:39:52,188 - DEBUG - Capturing window area excluding title bar: (x=649, y=298, w=247, h=210)
2024-09-21 07:39:52,324 - DEBUG - No QR code detected in frame
2024-09-21 07:39:52,325 - DEBUG - No QR code detected
2024-09-21 07:39:52,826 - DEBUG - Capturing window area excluding title bar: (x=649, y=298, w=247, h=210)
2024-09-21 07:39:52,970 - DEBUG - No QR code detected in frame
2024-09-21 07:39:52,970 - DEBUG - No QR code detected
2024-09-21 07:39:53,472 - DEBUG - Capturing window area excluding title bar: (x=649, y=298, w=247, h=210)
2024-09-21 07:39:53,606 - DEBUG - No QR code detected in frame
2024-09-21 07:39:53,606 - DEBUG - No QR code detected
2024-09-21 07:39:54,108 - DEBUG - Capturing window area excluding title bar: (x=649, y=298, w=247, h=210)
2024-09-21 07:39:54,235 - DEBUG - No QR code detected in frame
2024-09-21 07:39:54,235 - DEBUG - No QR code detected
2024-09-21 07:39:54,737 - DEBUG - Capturing window area excluding title bar: (x=649, y=298, w=247, h=210)
2024-09-21 07:39:54,864 - DEBUG - No QR code detected in frame
2024-09-21 07:39:54,865 - DEBUG - No QR code detected
2024-09-21 07:39:55,367 - DEBUG - Capturing window area excluding title bar: (x=649, y=298, w=247, h=210)
2024-09-21 07:39:55,494 - DEBUG - No QR code detected in frame
2024-09-21 07:39:55,494 - DEBUG - No QR code detected
2024-09-21 07:39:55,995 - DEBUG - Capturing window area excluding title bar: (x=649, y=298, w=247, h=210)
2024-09-21 07:39:56,124 - DEBUG - No QR code detected in frame
2024-09-21 07:39:56,124 - DEBUG - No QR code detected
2024-09-21 07:39:56,625 - DEBUG - Capturing window area excluding title bar: (x=649, y=298, w=247, h=210)
